<?xml version="1.0" encoding="UTF-8"?>
<!-- Generated by org.testng.reporters.JUnitReportReporter -->
<testsuite hostname="chaitanya" name="hrms.testscripts.TC001_loginPagErr" tests="1" failures="0" timestamp="29 Nov 2019 13:55:27 GMT" time="12.196" errors="0">
  <testcase name="login" time="12.196" classname="hrms.testscripts.TC001_loginPagErr"/>
</testsuite> <!-- hrms.testscripts.TC001_loginPagErr -->
