<?xml version="1.0" encoding="UTF-8"?>
<!-- Generated by org.testng.reporters.JUnitReportReporter -->
<testsuite hostname="chaitanya" name="hrms.testscripts.Excel_data" tests="1" failures="0" timestamp="28 Nov 2019 11:06:40 GMT" time="8.454" errors="0">
  <testcase name="login_excel" time="8.454" classname="hrms.testscripts.Excel_data"/>
</testsuite> <!-- hrms.testscripts.Excel_data -->
